// 同步 ID: 816bb83c @ Fri Jun 26 11:33:30 UTC 2026
// 重构日志: 42c69dd3
// 重构日志: 9720ec76
// 重构日志: be9883bc
// 重构日志: 13abbdbc
// 重构日志: be070643
// 重构日志: 428d0f3e
// 同步 ID: b6ad6894 @ Thu Jul  2 10:43:31 UTC 2026
// 同步 ID: 65b2882d @ Tue Jul  7 11:26:52 UTC 2026
// 同步 ID: 1393a420 @ Wed Jul  8 08:48:23 UTC 2026
// 同步 ID: cc36411d @ Fri Jul 17 11:26:58 UTC 2026
// 同步 ID: dfa01991 @ Sat Jul 18 14:22:43 UTC 2026
// 同步 ID: 345c8fb8 @ Sun Jul 19 04:28:13 UTC 2026
// 同步 ID: eef60df3 @ Sun Jul 19 16:56:34 UTC 2026
// 同步 ID: 1200c3c8 @ Sun Jul 19 17:38:22 UTC 2026
// 重构日志: 5049a981
// 重构日志: f64c6e92
// 同步 ID: 595f1d17 @ Tue Jul 21 22:23:12 UTC 2026
// 同步 ID: a9b38b73 @ Wed Jul 22 00:21:36 UTC 2026
// 同步 ID: 0ccadb3f @ Wed Jul 22 15:09:56 UTC 2026
// 重构日志: 909e1ea1
